[2026-03-22 18:50:51] === LOOP STARTING ===
[2026-03-22 18:50:52] Working directory: /home/user/go/src/github.com/opd-ai/magnum
[2026-03-22 18:50:52] Prompt directory:  /home/user/go/src/github.com/opd-ai/go-stats-generator
[2026-03-22 18:50:52] Max iterations:    50
[2026-03-22 18:50:52] --- Initialization ---
[2026-03-22 18:50:52] AUDIT.md not found — delegating BASE_AUDIT.md...
[2026-03-22 18:50:52] Delegating: BASE_AUDIT.md
[2026-03-22 18:53:31] Delegation complete: BASE_AUDIT.md (exit code: 141)
[2026-03-22 18:53:31] AUDIT.md created successfully.
[2026-03-22 18:53:31] PLAN.md not found — delegating MAKE_PLAN.md...
[2026-03-22 18:53:31] Delegating: MAKE_PLAN.md
[2026-03-22 18:55:24] Delegation complete: MAKE_PLAN.md (exit code: 141)
[2026-03-22 18:55:24] PLAN.md created successfully.
[2026-03-22 18:55:24] --- Entering main loop (max 50 iterations) ---
[2026-03-22 18:55:24] 
[2026-03-22 18:55:24] === Iteration 1 / 50 ===
[2026-03-22 18:55:24] Step A: Executing next task...
[2026-03-22 18:55:24] Delegating: EXECUTE.md
[2026-03-22 19:02:28] Delegation complete: EXECUTE.md (exit code: 141)
[2026-03-22 19:02:28] WARNING: EXECUTE.md delegation returned non-zero.
[2026-03-22 19:02:28] Step B: Running tests...
[2026-03-22 19:02:28] Running tests...
[2026-03-22 19:02:29] Tests PASSED
[2026-03-22 19:02:29] [iteration 1] executed EXECUTE.md — tests: PASS
[2026-03-22 19:02:29] Backlog is empty (AUDIT.md and PLAN.md absent/empty).
[2026-03-22 19:02:29] Running tests...
[2026-03-22 19:02:31] Tests PASSED
[2026-03-22 19:02:31] 
[2026-03-22 19:02:31] === LOOP COMPLETE ===
[2026-03-22 19:02:31] Iterations: 1
[2026-03-22 19:02:31] Tasks executed: 1
[2026-03-22 19:02:31] Test failures encountered: 0
[2026-03-22 19:02:31] Final test status: PASS
[2026-03-22 19:12:21] === LOOP STARTING ===
[2026-03-22 19:12:21] Working directory: /home/user/go/src/github.com/opd-ai/magnum
[2026-03-22 19:12:21] Prompt directory:  /home/user/go/src/github.com/opd-ai/go-stats-generator
[2026-03-22 19:12:21] Max iterations:    50
[2026-03-22 19:12:21] --- Initialization ---
[2026-03-22 19:12:21] AUDIT.md not found — delegating BASE_AUDIT.md...
[2026-03-22 19:12:21] Delegating: BASE_AUDIT.md
[2026-03-22 19:15:07] Delegation complete: BASE_AUDIT.md (exit code: 141)
[2026-03-22 19:15:07] AUDIT.md created successfully.
[2026-03-22 19:15:07] PLAN.md not found — delegating MAKE_PLAN.md...
[2026-03-22 19:15:07] Delegating: MAKE_PLAN.md
[2026-03-22 19:17:28] Delegation complete: MAKE_PLAN.md (exit code: 141)
[2026-03-22 19:17:28] PLAN.md created successfully.
[2026-03-22 19:17:28] --- Entering main loop (max 50 iterations) ---
[2026-03-22 19:17:28] 
[2026-03-22 19:17:28] === Iteration 1 / 50 ===
[2026-03-22 19:17:28] Step A: Executing next task...
[2026-03-22 19:17:28] Delegating: EXECUTE.md
[2026-03-22 19:30:39] Delegation complete: EXECUTE.md (exit code: 141)
[2026-03-22 19:30:39] WARNING: EXECUTE.md delegation returned non-zero.
[2026-03-22 19:30:39] Step B: Running tests...
[2026-03-22 19:30:39] Running tests...
[2026-03-22 19:30:41] Tests PASSED
[2026-03-22 19:30:41] [iteration 1] executed EXECUTE.md — tests: PASS
[2026-03-22 19:30:41] 
[2026-03-22 19:30:41] === Iteration 2 / 50 ===
[2026-03-22 19:30:41] Step A: Executing next task...
[2026-03-22 19:30:41] Delegating: EXECUTE.md
[2026-03-22 19:49:01] Delegation complete: EXECUTE.md (exit code: 141)
[2026-03-22 19:49:01] WARNING: EXECUTE.md delegation returned non-zero.
[2026-03-22 19:49:01] Step B: Running tests...
[2026-03-22 19:49:01] Running tests...
[2026-03-22 19:49:02] Tests PASSED
[2026-03-22 19:49:02] [iteration 2] executed EXECUTE.md — tests: PASS
[2026-03-22 19:49:02] Backlog is empty (AUDIT.md and PLAN.md absent/empty).
[2026-03-22 19:49:02] Running tests...
[2026-03-22 19:49:04] Tests PASSED
[2026-03-22 19:49:04] 
[2026-03-22 19:49:04] === LOOP COMPLETE ===
[2026-03-22 19:49:04] Iterations: 2
[2026-03-22 19:49:04] Tasks executed: 2
[2026-03-22 19:49:04] Test failures encountered: 0
[2026-03-22 19:49:04] Final test status: PASS
[2026-03-22 20:19:19] Delegation complete: EXECUTE.md (exit code: 141)
[2026-03-22 20:19:19] WARNING: EXECUTE.md delegation returned non-zero.
[2026-03-22 20:19:19] Step B: Running tests...
[2026-03-22 20:19:19] Running tests...
[2026-03-22 20:19:20] Tests PASSED
[2026-03-22 20:19:20] [iteration 1] executed EXECUTE.md — tests: PASS
[2026-03-22 20:19:20] Backlog is empty (AUDIT.md and PLAN.md absent/empty).
[2026-03-22 20:19:20] Running tests...
[2026-03-22 20:19:22] Tests PASSED
[2026-03-22 20:19:22] 
[2026-03-22 20:19:22] === LOOP COMPLETE ===
[2026-03-22 20:19:22] Iterations: 1
[2026-03-22 20:19:22] Tasks executed: 1
[2026-03-22 20:19:22] Test failures encountered: 0
[2026-03-22 20:19:22] Final test status: PASS
